<?xml version="1.0" encoding="UTF-8"?>
<!-- Generated by org.testng.reporters.JUnitReportReporter -->
<testsuite skipped="0" hostname="admin-PC" name="NewSelenium.ProjectDay1" tests="1" failures="0" timestamp="08 Aug 2017 17:28:46 GMT" time="31.804" errors="0">
  <testcase name="test1" time="31.804" classname="NewSelenium.ProjectDay1"/>
</testsuite> <!-- NewSelenium.ProjectDay1 -->
