<?xml version="1.0" encoding="UTF-8"?>
<!-- Generated by org.testng.reporters.JUnitReportReporter -->
<testsuite skipped="0" hostname="admin-PC" name="NewSelenium.ConnectDatabase" tests="1" failures="0" timestamp="04 Jan 2018 08:38:13 GMT" time="0.875" errors="0">
  <testcase name="testDB" time="0.875" classname="NewSelenium.ConnectDatabase"/>
</testsuite> <!-- NewSelenium.ConnectDatabase -->
