<?xml version="1.0" encoding="UTF-8"?>
<!-- Generated by org.testng.reporters.JUnitReportReporter -->
<testsuite skipped="0" hostname="admin-PC" name="browsing.DynamicHandle" tests="1" failures="0" timestamp="20 Oct 2017 10:00:47 GMT" time="32.674" errors="0">
  <testcase name="DynamicTableHandle" time="32.674" classname="browsing.DynamicHandle"/>
</testsuite> <!-- browsing.DynamicHandle -->
