<?xml version="1.0" encoding="UTF-8"?>
<!-- Generated by org.testng.reporters.JUnitReportReporter -->
<testsuite skipped="0" hostname="admin-PC" name="browsing.DatePicker" tests="1" failures="0" timestamp="24 Oct 2017 14:13:56 GMT" time="90.455" errors="0">
  <testcase name="Test" time="90.455" classname="browsing.DatePicker"/>
</testsuite> <!-- browsing.DatePicker -->
