<?xml version="1.0" encoding="UTF-8"?>
<!-- Generated by org.testng.reporters.JUnitReportReporter -->
<testsuite skipped="0" hostname="admin-PC" name="browsing.DatePicker2Test" tests="1" failures="0" timestamp="06 Nov 2017 03:51:39 GMT" time="5.575" errors="0">
  <testcase name="register" time="5.575" classname="browsing.DatePicker2Test"/>
</testsuite> <!-- browsing.DatePicker2Test -->
