<?xml version="1.0" encoding="UTF-8"?>
<!-- Generated by org.testng.reporters.JUnitReportReporter -->
<testsuite skipped="0" hostname="admin-PC" name="com.Verify.TestcaseAmaon.VerifyAmazonLogin" tests="1" failures="0" timestamp="19 Sep 2017 17:24:11 GMT" time="501.684" errors="0">
  <testcase name="verifyValidLogin" time="501.684" classname="com.Verify.TestcaseAmaon.VerifyAmazonLogin"/>
</testsuite> <!-- com.Verify.TestcaseAmaon.VerifyAmazonLogin -->
