<?xml version="1.0" encoding="UTF-8"?>
<!-- Generated by org.testng.reporters.JUnitReportReporter -->
<testsuite skipped="0" hostname="admin-PC" name="verifyAmazonProduct.VerifyValidationProduct" tests="1" failures="0" timestamp="20 Sep 2017 12:01:23 GMT" time="141.443" errors="0">
  <testcase name="productvalidation" time="141.443" classname="verifyAmazonProduct.VerifyValidationProduct"/>
</testsuite> <!-- verifyAmazonProduct.VerifyValidationProduct -->
