<?xml version="1.0" encoding="UTF-8"?>
<!-- Generated by org.testng.reporters.JUnitReportReporter -->
<testsuite skipped="0" hostname="admin-PC" name="browsing.NewTest" tests="1" failures="0" timestamp="07 Sep 2017 09:51:44 GMT" time="27.275" errors="0">
  <testcase name="f" time="27.275" classname="browsing.NewTest"/>
</testsuite> <!-- browsing.NewTest -->
