<?xml version="1.0" encoding="UTF-8"?>
<!-- Generated by org.testng.reporters.JUnitReportReporter -->
<testsuite skipped="0" hostname="admin-PC" name="browsing.SampleTestNg" tests="1" failures="0" timestamp="29 Nov 2017 03:36:36 GMT" time="46.241" errors="0">
  <testcase name="f" time="46.241" classname="browsing.SampleTestNg"/>
</testsuite> <!-- browsing.SampleTestNg -->
